{"reason":"compiler-artifact","package_id":"registry+https://github.com/rust-lang/crates.io-index#md5@0.8.0","manifest_path":"/home/cadey/.cargo/registry/src/index.crates.io-1949cf8c6b5b557f/md5-0.8.0/Cargo.toml","target":{"kind":["lib"],"crate_types":["lib"],"name":"md5","src_path":"/home/cadey/.cargo/registry/src/index.crates.io-1949cf8c6b5b557f/md5-0.8.0/src/lib.rs","edition":"2021","doc":true,"doctest":true,"test":true},"profile":{"opt_level":"0","debuginfo":2,"debug_assertions":true,"overflow_checks":true,"test":false},"features":["default","std"],"filenames":["/home/cadey/rustprojects/adventofcode2015/day4/part1/target/debug/deps/libmd5-4ff490ff209fa284.rmeta"],"executable":null,"fresh":true}
{"reason":"compiler-message","package_id":"path+file:///home/cadey/rustprojects/adventofcode2015/day4/part1#0.1.0","manifest_path":"/home/cadey/rustprojects/adventofcode2015/day4/part1/Cargo.toml","target":{"kind":["bin"],"crate_types":["bin"],"name":"part1","src_path":"/home/cadey/rustprojects/adventofcode2015/day4/part1/src/main.rs","edition":"2024","doc":true,"doctest":false,"test":true},"message":{"$message_type":"diagnostic","message":"mismatched types","code":{"code":"E0308","explanation":"Expected type did not match the received type.\n\nErroneous code examples:\n\n```compile_fail,E0308\nfn plus_one(x: i32) -> i32 {\n    x + 1\n}\n\nplus_one(\"Not a number\");\n//       ^^^^^^^^^^^^^^ expected `i32`, found `&str`\n\nif \"Not a bool\" {\n// ^^^^^^^^^^^^ expected `bool`, found `&str`\n}\n\nlet x: f32 = \"Not a float\";\n//     ---   ^^^^^^^^^^^^^ expected `f32`, found `&str`\n//     |\n//     expected due to this\n```\n\nThis error occurs when an expression was used in a place where the compiler\nexpected an expression of a different type. It can occur in several cases, the\nmost common being when calling a function and passing an argument which has a\ndifferent type than the matching type in the function declaration.\n"},"level":"error","spans":[{"file_name":"src/main.rs","byte_start":76,"byte_end":82,"line_start":6,"line_end":6,"column_start":11,"column_end":17,"is_primary":true,"text":[{"text":"    while digest {","highlight_start":11,"highlight_end":17}],"label":"expected `bool`, found `Digest`","suggested_replacement":null,"suggestion_applicability":null,"expansion":null}],"children":[],"rendered":"\u001b[0m\u001b[1m\u001b[38;5;9merror[E0308]\u001b[0m\u001b[0m\u001b[1m: mismatched types\u001b[0m\n\u001b[0m \u001b[0m\u001b[0m\u001b[1m\u001b[38;5;12m--> \u001b[0m\u001b[0msrc/main.rs:6:11\u001b[0m\n\u001b[0m  \u001b[0m\u001b[0m\u001b[1m\u001b[38;5;12m|\u001b[0m\n\u001b[0m\u001b[1m\u001b[38;5;12m6\u001b[0m\u001b[0m \u001b[0m\u001b[0m\u001b[1m\u001b[38;5;12m|\u001b[0m\u001b[0m \u001b[0m\u001b[0m    while digest {\u001b[0m\n\u001b[0m  \u001b[0m\u001b[0m\u001b[1m\u001b[38;5;12m|\u001b[0m\u001b[0m           \u001b[0m\u001b[0m\u001b[1m\u001b[38;5;9m^^^^^^\u001b[0m\u001b[0m \u001b[0m\u001b[0m\u001b[1m\u001b[38;5;9mexpected `bool`, found `Digest`\u001b[0m\n\n"}}
{"reason":"compiler-message","package_id":"path+file:///home/cadey/rustprojects/adventofcode2015/day4/part1#0.1.0","manifest_path":"/home/cadey/rustprojects/adventofcode2015/day4/part1/Cargo.toml","target":{"kind":["bin"],"crate_types":["bin"],"name":"part1","src_path":"/home/cadey/rustprojects/adventofcode2015/day4/part1/src/main.rs","edition":"2024","doc":true,"doctest":false,"test":true},"message":{"$message_type":"diagnostic","message":"mismatched types","code":{"code":"E0308","explanation":"Expected type did not match the received type.\n\nErroneous code examples:\n\n```compile_fail,E0308\nfn plus_one(x: i32) -> i32 {\n    x + 1\n}\n\nplus_one(\"Not a number\");\n//       ^^^^^^^^^^^^^^ expected `i32`, found `&str`\n\nif \"Not a bool\" {\n// ^^^^^^^^^^^^ expected `bool`, found `&str`\n}\n\nlet x: f32 = \"Not a float\";\n//     ---   ^^^^^^^^^^^^^ expected `f32`, found `&str`\n//     |\n//     expected due to this\n```\n\nThis error occurs when an expression was used in a place where the compiler\nexpected an expression of a different type. It can occur in several cases, the\nmost common being when calling a function and passing an argument which has a\ndifferent type than the matching type in the function declaration.\n"},"level":"error","spans":[{"file_name":"src/main.rs","byte_start":76,"byte_end":82,"line_start":6,"line_end":6,"column_start":11,"column_end":17,"is_primary":true,"text":[{"text":"    while digest {","highlight_start":11,"highlight_end":17}],"label":"expected `bool`, found `Digest`","suggested_replacement":null,"suggestion_applicability":null,"expansion":null}],"children":[],"rendered":"\u001b[0m\u001b[1m\u001b[38;5;9merror[E0308]\u001b[0m\u001b[0m\u001b[1m: mismatched types\u001b[0m\n\u001b[0m \u001b[0m\u001b[0m\u001b[1m\u001b[38;5;12m--> \u001b[0m\u001b[0msrc/main.rs:6:11\u001b[0m\n\u001b[0m  \u001b[0m\u001b[0m\u001b[1m\u001b[38;5;12m|\u001b[0m\n\u001b[0m\u001b[1m\u001b[38;5;12m6\u001b[0m\u001b[0m \u001b[0m\u001b[0m\u001b[1m\u001b[38;5;12m|\u001b[0m\u001b[0m \u001b[0m\u001b[0m    while digest {\u001b[0m\n\u001b[0m  \u001b[0m\u001b[0m\u001b[1m\u001b[38;5;12m|\u001b[0m\u001b[0m           \u001b[0m\u001b[0m\u001b[1m\u001b[38;5;9m^^^^^^\u001b[0m\u001b[0m \u001b[0m\u001b[0m\u001b[1m\u001b[38;5;9mexpected `bool`, found `Digest`\u001b[0m\n\n"}}
{"reason":"compiler-message","package_id":"path+file:///home/cadey/rustprojects/adventofcode2015/day4/part1#0.1.0","manifest_path":"/home/cadey/rustprojects/adventofcode2015/day4/part1/Cargo.toml","target":{"kind":["bin"],"crate_types":["bin"],"name":"part1","src_path":"/home/cadey/rustprojects/adventofcode2015/day4/part1/src/main.rs","edition":"2024","doc":true,"doctest":false,"test":true},"message":{"$message_type":"diagnostic","message":"For more information about this error, try `rustc --explain E0308`.","code":null,"level":"failure-note","spans":[],"children":[],"rendered":"\u001b[0m\u001b[1mFor more information about this error, try `rustc --explain E0308`.\u001b[0m\n"}}
{"reason":"compiler-message","package_id":"path+file:///home/cadey/rustprojects/adventofcode2015/day4/part1#0.1.0","manifest_path":"/home/cadey/rustprojects/adventofcode2015/day4/part1/Cargo.toml","target":{"kind":["bin"],"crate_types":["bin"],"name":"part1","src_path":"/home/cadey/rustprojects/adventofcode2015/day4/part1/src/main.rs","edition":"2024","doc":true,"doctest":false,"test":true},"message":{"$message_type":"diagnostic","message":"For more information about this error, try `rustc --explain E0308`.","code":null,"level":"failure-note","spans":[],"children":[],"rendered":"\u001b[0m\u001b[1mFor more information about this error, try `rustc --explain E0308`.\u001b[0m\n"}}
{"reason":"build-finished","success":false}
